#
# There is insufficient memory for the Java Runtime Environment to continue.
# Native memory allocation (mmap) failed to map 130023424 bytes for G1 virtual space
# Possible reasons:
#   The system is out of physical RAM or swap space
#   The process is running with CompressedOops enabled, and the Java Heap may be blocking the growth of the native heap
# Possible solutions:
#   Reduce memory load on the system
#   Increase physical memory or swap space
#   Check if swap backing store is full
#   Decrease Java heap size (-Xmx/-Xms)
#   Decrease number of Java threads
#   Decrease Java thread stack sizes (-Xss)
#   Set larger code cache with -XX:ReservedCodeCacheSize=
#   JVM is running with Unscaled Compressed Oops mode in which the Java heap is
#     placed in the first 4GB address space. The Java Heap base address is the
#     maximum limit for the native heap growth. Please use -XX:HeapBaseMinAddress
#     to set the Java Heap base and to place the Java Heap above 4GB virtual address.
# This output file may be truncated or incomplete.
#
#  Out of Memory Error (os_windows.cpp:3769), pid=10864, tid=6088
#
# JRE version:  (17.0.6) (build )
# Java VM: OpenJDK 64-Bit Server VM (17.0.6+0-b2043.56-9586694, mixed mode, sharing, tiered, compressed oops, compressed class ptrs, g1 gc, windows-amd64)
# No core dump will be written. Minidumps are not enabled by default on client versions of Windows
#

---------------  S U M M A R Y ------------

Command Line: 

Host: 11th Gen Intel(R) Core(TM) i5-1135G7 @ 2.40GHz, 8 cores, 7G,  Windows 10 , 64 bit Build 19041 (10.0.19041.1503)
Time: Mon Jul 31 23:36:37 2023 Hora est. Pacífico, Sudamérica elapsed time: 0.016406 seconds (0d 0h 0m 0s)

---------------  T H R E A D  ---------------

Current thread (0x000001e8cbb69fe0):  JavaThread "Unknown thread" [_thread_in_vm, id=6088, stack(0x0000008be3500000,0x0000008be3600000)]

Stack: [0x0000008be3500000,0x0000008be3600000]
Native frames: (J=compiled Java code, j=interpreted, Vv=VM code, C=native code)
V  [jvm.dll+0x683b4a]
V  [jvm.dll+0x842654]
V  [jvm.dll+0x843dfe]
V  [jvm.dll+0x844463]
V  [jvm.dll+0x249b75]
V  [jvm.dll+0x680a19]
V  [jvm.dll+0x674f0a]
V  [jvm.dll+0x309acb]
V  [jvm.dll+0x310f86]
V  [jvm.dll+0x3608ee]
V  [jvm.dll+0x360b1f]
V  [jvm.dll+0x2dfbf8]
V  [jvm.dll+0x2e0b64]
V  [jvm.dll+0x813f41]
V  [jvm.dll+0x36e6a1]
V  [jvm.dll+0x7f347c]
V  [jvm.dll+0x3f0e8f]
V  [jvm.dll+0x3f29d1]
C  [jli.dll+0x526b]
C  [ucrtbase.dll+0x21bb2]
C  [KERNEL32.DLL+0x17034]
C  [ntdll.dll+0x52651]


---------------  P R O C E S S  ---------------

Threads class SMR info:
_java_thread_list=0x00007ffa8b8fc058, length=0, elements={
}

Java Threads: ( => current thread )

Other Threads:
  0x000001e8cbbc2800 GCTaskThread "GC Thread#0" [stack: 0x0000008be3600000,0x0000008be3700000] [id=12940]
  0x000001e8cbbd2ec0 ConcurrentGCThread "G1 Main Marker" [stack: 0x0000008be3700000,0x0000008be3800000] [id=15244]
  0x000001e8cbbd38d0 ConcurrentGCThread "G1 Conc#0" [stack: 0x0000008be3800000,0x0000008be3900000] [id=8584]

[error occurred during error reporting (printing all threads), id 0xc0000005, EXCEPTION_ACCESS_VIOLATION (0xc0000005) at pc=0x00007ffa8b0b0797]

VM state: not at safepoint (not fully initialized)

VM Mutex/Monitor currently owned by a thread:  ([mutex/lock_event])
[0x000001e8cbb66410] Heap_lock - owner thread: 0x000001e8cbb69fe0

Heap address: 0x0000000084400000, size: 1980 MB, Compressed Oops mode: 32-bit

CDS archive(s) mapped at: [0x0000000000000000-0x0000000000000000-0x0000000000000000), size 0, SharedBaseAddress: 0x0000000800000000, ArchiveRelocationMode: 0.
Narrow klass base: 0x0000000000000000, Narrow klass shift: 0, Narrow klass range: 0x0

GC Precious Log:
<Empty>

Heap:
 garbage-first heap   total 0K, used 0K [0x0000000084400000, 0x0000000100000000)
  region size 1024K, 0 young (0K), 0 survivors (0K)

[error occurred during error reporting (printing heap information), id 0xc0000005, EXCEPTION_ACCESS_VIOLATION (0xc0000005) at pc=0x00007ffa8b49d939]

GC Heap History (0 events):
No events

Dll operation events (1 events):
Event: 0.009 Loaded shared library C:\Program Files\Android\Android Studio\jbr\bin\java.dll

Deoptimization events (0 events):
No events

Classes unloaded (0 events):
No events

Classes redefined (0 events):
No events

Internal exceptions (0 events):
No events

VM Operations (0 events):
No events

Events (0 events):
No events


Dynamic libraries:
0x00007ff7c8ed0000 - 0x00007ff7c8eda000 	C:\Program Files\Android\Android Studio\jbr\bin\java.EXE
0x00007ffb10170000 - 0x00007ffb10365000 	C:\Windows\SYSTEM32\ntdll.dll
0x00007ffb0f350000 - 0x00007ffb0f40e000 	C:\Windows\System32\KERNEL32.DLL
0x00007ffb0dcf0000 - 0x00007ffb0dfb8000 	C:\Windows\System32\KERNELBASE.dll
0x00007ffb0dbc0000 - 0x00007ffb0dcc0000 	C:\Windows\System32\ucrtbase.dll
0x00007ffb05050000 - 0x00007ffb0506b000 	C:\Program Files\Android\Android Studio\jbr\bin\VCRUNTIME140.dll
0x00007ffb08f30000 - 0x00007ffb08f47000 	C:\Program Files\Android\Android Studio\jbr\bin\jli.dll
0x00007ffb0fde0000 - 0x00007ffb0ff80000 	C:\Windows\System32\USER32.dll
0x00007ffb0dcc0000 - 0x00007ffb0dce2000 	C:\Windows\System32\win32u.dll
0x00007ffb0e560000 - 0x00007ffb0e58b000 	C:\Windows\System32\GDI32.dll
0x00007ffb0dab0000 - 0x00007ffb0dbbd000 	C:\Windows\System32\gdi32full.dll
0x00007ffb0e120000 - 0x00007ffb0e1bd000 	C:\Windows\System32\msvcp_win.dll
0x00007ffae6b90000 - 0x00007ffae6e2a000 	C:\Windows\WinSxS\amd64_microsoft.windows.common-controls_6595b64144ccf1df_6.0.19041.1110_none_60b5254171f9507e\COMCTL32.dll
0x00007ffb0f100000 - 0x00007ffb0f19e000 	C:\Windows\System32\msvcrt.dll
0x00007ffb0fdb0000 - 0x00007ffb0fde0000 	C:\Windows\System32\IMM32.DLL
0x00007ffb0a190000 - 0x00007ffb0a19c000 	C:\Program Files\Android\Android Studio\jbr\bin\vcruntime140_1.dll
0x00007ffac41d0000 - 0x00007ffac425d000 	C:\Program Files\Android\Android Studio\jbr\bin\msvcp140.dll
0x00007ffa8adc0000 - 0x00007ffa8ba2d000 	C:\Program Files\Android\Android Studio\jbr\bin\server\jvm.dll
0x00007ffb0e2d0000 - 0x00007ffb0e37e000 	C:\Windows\System32\ADVAPI32.dll
0x00007ffb0e4c0000 - 0x00007ffb0e55c000 	C:\Windows\System32\sechost.dll
0x00007ffb0fb60000 - 0x00007ffb0fc85000 	C:\Windows\System32\RPCRT4.dll
0x00007ffadedd0000 - 0x00007ffadedf7000 	C:\Windows\SYSTEM32\WINMM.dll
0x00007ffb02b40000 - 0x00007ffb02b4a000 	C:\Windows\SYSTEM32\VERSION.dll
0x00007ffb04ff0000 - 0x00007ffb04ff9000 	C:\Windows\SYSTEM32\WSOCK32.dll
0x00007ffb0eaa0000 - 0x00007ffb0eb0b000 	C:\Windows\System32\WS2_32.dll
0x00007ffb0c100000 - 0x00007ffb0c112000 	C:\Windows\SYSTEM32\kernel.appcore.dll
0x00007ffb08f00000 - 0x00007ffb08f0a000 	C:\Program Files\Android\Android Studio\jbr\bin\jimage.dll
0x00007ffb0b4e0000 - 0x00007ffb0b6c4000 	C:\Windows\SYSTEM32\DBGHELP.DLL
0x00007ffb01700000 - 0x00007ffb0172c000 	C:\Windows\SYSTEM32\dbgcore.DLL
0x00007ffb0d8f0000 - 0x00007ffb0d972000 	C:\Windows\System32\bcryptPrimitives.dll
0x00007ffb04e30000 - 0x00007ffb04e55000 	C:\Program Files\Android\Android Studio\jbr\bin\java.dll

dbghelp: loaded successfully - version: 4.0.5 - missing functions: none
symbol engine: initialized successfully - sym options: 0x614 - pdb path: .;C:\Program Files\Android\Android Studio\jbr\bin;C:\Windows\SYSTEM32;C:\Windows\WinSxS\amd64_microsoft.windows.common-controls_6595b64144ccf1df_6.0.19041.1110_none_60b5254171f9507e;C:\Program Files\Android\Android Studio\jbr\bin\server

VM Arguments:
java_command: <unknown>
java_class_path (initial): <not set>
Launcher Type: SUN_STANDARD

[Global flags]
     intx CICompilerCount                          = 4                                         {product} {ergonomic}
     uint ConcGCThreads                            = 2                                         {product} {ergonomic}
     uint G1ConcRefinementThreads                  = 8                                         {product} {ergonomic}
   size_t G1HeapRegionSize                         = 1048576                                   {product} {ergonomic}
    uintx GCDrainStackTargetSize                   = 64                                        {product} {ergonomic}
   size_t InitialHeapSize                          = 130023424                                 {product} {ergonomic}
   size_t MarkStackSize                            = 4194304                                   {product} {ergonomic}
   size_t MaxHeapSize                              = 2076180480                                {product} {ergonomic}
   size_t MinHeapDeltaBytes                        = 1048576                                   {product} {ergonomic}
   size_t MinHeapSize                              = 8388608                                   {product} {ergonomic}
    uintx NonNMethodCodeHeapSize                   = 5839372                                {pd product} {ergonomic}
    uintx NonProfiledCodeHeapSize                  = 122909434                              {pd product} {ergonomic}
    uintx ProfiledCodeHeapSize                     = 122909434                              {pd product} {ergonomic}
    uintx ReservedCodeCacheSize                    = 251658240                              {pd product} {ergonomic}
     bool SegmentedCodeCache                       = true                                      {product} {ergonomic}
   size_t SoftMaxHeapSize                          = 2076180480                             {manageable} {ergonomic}
     bool UseCompressedClassPointers               = true                           {product lp64_product} {ergonomic}
     bool UseCompressedOops                        = true                           {product lp64_product} {ergonomic}
     bool UseG1GC                                  = true                                      {product} {ergonomic}
     bool UseLargePagesIndividualAllocation        = false                                  {pd product} {ergonomic}

Logging:
Log output configuration:
 #0: stdout all=warning uptime,level,tags
 #1: stderr all=off uptime,level,tags

Environment Variables:
PATH=C:\Program Files\Common Files\Oracle\Java\javapath;C:\Windows\system32;C:\Windows;C:\Windows\System32\Wbem;C:\Windows\System32\WindowsPowerShell\v1.0\;C:\Windows\System32\OpenSSH\;C:\Program Files\dotnet\;C:\ProgramData\chocolatey\bin;C:\Program Files\Microsoft SQL Server\150\Tools\Binn\;C:\Program Files\Git\cmd;C:\Program Files\Microsoft SQL Server\Client SDK\ODBC\170\Tools\Binn\;C:\Users\DELL\AppData\Local\Programs\Python\Python311\Scripts\;C:\Users\DELL\AppData\Local\Programs\Python\Python311\;C:\Users\DELL\AppData\Local\Microsoft\WindowsApps;C:\Users\DELL\AppData\Local\Programs\Microsoft VS Code\bin;C:\Users\DELL\Documents\flutter\bin\;C:\Users\DELL\.dotnet\tools;C:\Users\DELL\Documents\flutter\bin\mingit\cmd
USERNAME=DELL
OS=Windows_NT
PROCESSOR_IDENTIFIER=Intel64 Family 6 Model 140 Stepping 1, GenuineIntel
TMP=C:\Users\DELL\AppData\Local\Temp
TEMP=C:\Users\DELL\AppData\Local\Temp



---------------  S Y S T E M  ---------------

OS:
 Windows 10 , 64 bit Build 19041 (10.0.19041.1503)
OS uptime: 4 days 11:53 hours

CPU: total 8 (initial active 8) (4 cores per cpu, 2 threads per core) family 6 model 140 stepping 1 microcode 0x9a, cx8, cmov, fxsr, ht, mmx, 3dnowpref, sse, sse2, sse3, ssse3, sse4.1, sse4.2, popcnt, lzcnt, tsc, tscinvbit, avx, avx2, aes, erms, clmul, bmi1, bmi2, adx, avx512f, avx512dq, avx512cd, avx512bw, avx512vl, sha, fma, vzeroupper, avx512_vpopcntdq, avx512_vpclmulqdq, avx512_vaes, avx512_vnni, clflush, clflushopt, clwb, avx512_vbmi2, avx512_vbmi

Memory: 4k page, system-wide physical 7918M (225M free)
TotalPageFile size 22293M (AvailPageFile size 26M)
current process WorkingSet (physical memory assigned to process): 10M, peak: 10M
current process commit charge ("private bytes"): 60M, peak: 184M

vm_info: OpenJDK 64-Bit Server VM (17.0.6+0-b2043.56-9586694) for windows-amd64 JRE (17.0.6+0-b2043.56-9586694), built on Feb  9 2023 20:06:20 by "androidbuild" with MS VC++ 16.10 / 16.11 (VS2019)

END.
